生成启动时间为 2017/3/24 18:42:31。
     1>项目“d:\用户目录\我的文档\visual studio 2010\Projects\y\y\y.vcxproj”在节点 2 上(build 个目标)。
     1>InitializeBuildStatus:
         正在对“Debug\y.unsuccessfulbuild”执行 Touch 任务。
       ClCompile:
         C:\Program Files (x86)\Microsoft Visual Studio 10.0\VC\bin\CL.exe /c /I"C:\Program Files\MySQL\MySQL Server 5.7\include" /Zi /nologo /W3 /WX- /Od /Oy- /GL /D WIN32 /D _WINDOWS /D _DEBUG /Gm /EHsc /RTC1 /MTd /GS /Gy /fp:precise /Zc:wchar_t /Zc:forScope /Yc"StdAfx.h" /Fp"Debug\y.pch" /Fo"Debug\\" /Fd"Debug\vc100.pdb" /Gd /TP /analyze- /errorReport:prompt stdafx.cpp
         stdafx.cpp
     1>d:\用户目录\我的文档\visual studio 2010\projects\y\y\SkinPPWTL.h(90): warning C4996: 'strcpy': This function or variable may be unsafe. Consider using strcpy_s instead. To disable deprecation, use _CRT_SECURE_NO_WARNINGS. See online help for details.
                 C:\Program Files (x86)\Microsoft Visual Studio 10.0\VC\include\string.h(105) : 参见“strcpy”的声明
     1>d:\用户目录\我的文档\visual studio 2010\projects\y\y\stdafx.h(42): warning C4067: 预处理器指令后有意外标记 - 应输入换行符
         C:\Program Files (x86)\Microsoft Visual Studio 10.0\VC\bin\CL.exe /c /I"C:\Program Files\MySQL\MySQL Server 5.7\include" /Zi /nologo /W3 /WX- /Od /Oy- /GL /D WIN32 /D _WINDOWS /D _DEBUG /Gm /EHsc /RTC1 /MTd /GS /Gy /fp:precise /Zc:wchar_t /Zc:forScope /Yu"StdAfx.h" /Fp"Debug\y.pch" /Fo"Debug\\" /Fd"Debug\vc100.pdb" /Gd /TP /analyze- /errorReport:prompt explorer1.cpp y.cpp yDlg.cpp
         yDlg.cpp
         y.cpp
     1>y.cpp(48): warning C4996: 'CWinApp::Enable3dControlsStatic': CWinApp::Enable3dControlsStatic is no longer needed. You should remove this call.
                 C:\Program Files (x86)\Microsoft Visual Studio 10.0\VC\atlmfc\include\afxwin.h(5347) : 参见“CWinApp::Enable3dControlsStatic”的声明
         explorer1.cpp
       ResourceCompile:
         所有输出均为最新。
       ManifestResourceCompile:
         所有输出均为最新。
       Link:
         C:\Program Files (x86)\Microsoft Visual Studio 10.0\VC\bin\link.exe /ERRORREPORT:PROMPT /OUT:"d:\用户目录\我的文档\visual studio 2010\Projects\y\Debug\y.exe" /INCREMENTAL /NOLOGO /LIBPATH:"C:\Program Files\MySQL\MySQL Server 5.7\lib" SkinPPWTL.lib libmysql.lib /MANIFEST /ManifestFile:"Debug\y.exe.intermediate.manifest" /MANIFESTUAC:"level='asInvoker' uiAccess='false'" /DEBUG /PDB:"d:\用户目录\我的文档\visual studio 2010\Projects\y\Debug\y.pdb" /SUBSYSTEM:WINDOWS /LTCG /TLBID:1 /DYNAMICBASE /NXCOMPAT /IMPLIB:"d:\用户目录\我的文档\visual studio 2010\Projects\y\Debug\y.lib" /MACHINE:X86 Debug\y.res
         Debug\y.exe.embed.manifest.res
         Debug\explorer1.obj
         Debug\stdafx.obj
         Debug\y.obj
         Debug\yDlg.obj
     1>LINK : warning LNK4075: 忽略“/INCREMENTAL”(由于“/LTCG”规范)
     1>stdafx.obj : error LNK2001: 无法解析的外部符号 _mysql_error@4
     1>stdafx.obj : error LNK2001: 无法解析的外部符号 _mysql_query@8
     1>stdafx.obj : error LNK2001: 无法解析的外部符号 _mysql_real_connect@32
     1>stdafx.obj : error LNK2001: 无法解析的外部符号 _mysql_init@4
     1>d:\用户目录\我的文档\visual studio 2010\Projects\y\Debug\y.exe : fatal error LNK1120: 4 个无法解析的外部命令
     1>已完成生成项目“d:\用户目录\我的文档\visual studio 2010\Projects\y\y\y.vcxproj”(build 个目标)的操作 - 失败。

生成失败。

已用时间 00:00:04.00
